0 info it worked if it ends with ok
1 verbose cli [ '/home/andrey/.nvm/versions/node/v6.12.0/bin/node',
1 verbose cli   '/home/andrey/.nvm/versions/node/v6.12.0/bin/npm',
1 verbose cli   'run',
1 verbose cli   'build' ]
2 info using npm@3.10.10
3 info using node@v6.12.0
4 verbose run-script [ 'prebuild', 'build', 'postbuild' ]
5 info lifecycle realworld-react-universal-hot@0.0.1~prebuild: realworld-react-universal-hot@0.0.1
6 silly lifecycle realworld-react-universal-hot@0.0.1~prebuild: no script for prebuild, continuing
7 info lifecycle realworld-react-universal-hot@0.0.1~build: realworld-react-universal-hot@0.0.1
8 verbose lifecycle realworld-react-universal-hot@0.0.1~build: unsafe-perm in lifecycle true
9 verbose lifecycle realworld-react-universal-hot@0.0.1~build: PATH: /home/andrey/.nvm/versions/node/v6.12.0/lib/node_modules/npm/bin/node-gyp-bin:/home/andrey/projects/realworld-react-universal-hot/node_modules/.bin:/home/andrey/.nvm/versions/node/v6.12.0/bin:/home/andrey/bin:/home/andrey/.local/bin:/usr/local/sbin:/usr/local/bin:/usr/sbin:/usr/bin:/sbin:/bin:/usr/games:/usr/local/games:/snap/bin:/home/andrey/go/bin:/home/andrey/projects/go/bin
10 verbose lifecycle realworld-react-universal-hot@0.0.1~build: CWD: /home/andrey/projects/realworld-react-universal-hot
11 silly lifecycle realworld-react-universal-hot@0.0.1~build: Args: [ '-c',
11 silly lifecycle   'rm -rf ./dist && mkdir ./dist && NODE_ENV=production  webpack --config=./webpack/config.server.js --mode=production && NODE_ENV=production webpack -p --config=./webpack/config.client.js --mode=production' ]
12 silly lifecycle realworld-react-universal-hot@0.0.1~build: Returned: code: 1  signal: null
13 info lifecycle realworld-react-universal-hot@0.0.1~build: Failed to exec build script
14 verbose stack Error: realworld-react-universal-hot@0.0.1 build: `rm -rf ./dist && mkdir ./dist && NODE_ENV=production  webpack --config=./webpack/config.server.js --mode=production && NODE_ENV=production webpack -p --config=./webpack/config.client.js --mode=production`
14 verbose stack Exit status 1
14 verbose stack     at EventEmitter.<anonymous> (/home/andrey/.nvm/versions/node/v6.12.0/lib/node_modules/npm/lib/utils/lifecycle.js:255:16)
14 verbose stack     at emitTwo (events.js:106:13)
14 verbose stack     at EventEmitter.emit (events.js:191:7)
14 verbose stack     at ChildProcess.<anonymous> (/home/andrey/.nvm/versions/node/v6.12.0/lib/node_modules/npm/lib/utils/spawn.js:40:14)
14 verbose stack     at emitTwo (events.js:106:13)
14 verbose stack     at ChildProcess.emit (events.js:191:7)
14 verbose stack     at maybeClose (internal/child_process.js:920:16)
14 verbose stack     at Process.ChildProcess._handle.onexit (internal/child_process.js:230:5)
15 verbose pkgid realworld-react-universal-hot@0.0.1
16 verbose cwd /home/andrey/projects/realworld-react-universal-hot
17 error Linux 4.15.0-33-generic
18 error argv "/home/andrey/.nvm/versions/node/v6.12.0/bin/node" "/home/andrey/.nvm/versions/node/v6.12.0/bin/npm" "run" "build"
19 error node v6.12.0
20 error npm  v3.10.10
21 error code ELIFECYCLE
22 error realworld-react-universal-hot@0.0.1 build: `rm -rf ./dist && mkdir ./dist && NODE_ENV=production  webpack --config=./webpack/config.server.js --mode=production && NODE_ENV=production webpack -p --config=./webpack/config.client.js --mode=production`
22 error Exit status 1
23 error Failed at the realworld-react-universal-hot@0.0.1 build script 'rm -rf ./dist && mkdir ./dist && NODE_ENV=production  webpack --config=./webpack/config.server.js --mode=production && NODE_ENV=production webpack -p --config=./webpack/config.client.js --mode=production'.
23 error Make sure you have the latest version of node.js and npm installed.
23 error If you do, this is most likely a problem with the realworld-react-universal-hot package,
23 error not with npm itself.
23 error Tell the author that this fails on your system:
23 error     rm -rf ./dist && mkdir ./dist && NODE_ENV=production  webpack --config=./webpack/config.server.js --mode=production && NODE_ENV=production webpack -p --config=./webpack/config.client.js --mode=production
23 error You can get information on how to open an issue for this project with:
23 error     npm bugs realworld-react-universal-hot
23 error Or if that isn't available, you can get their info via:
23 error     npm owner ls realworld-react-universal-hot
23 error There is likely additional logging output above.
24 verbose exit [ 1, true ]
